Arguments: 
  /usr/bin/node /usr/share/yarn/bin/yarn.js build

PATH: 
  /usr/local/bin:/usr/bin:/bin:/usr/local/games:/usr/games:/home/bil4l/.fzf/bin:/home/bil4l/.vimpkg/bin:/home/bil4l/.vimpkg/bin

Yarn version: 
  1.22.5

Node version: 
  12.19.0

Platform: 
  linux x64

Trace: 
  SyntaxError: /home/bil4l/Documents/projets/huntik_rp/package.json: Unexpected string in JSON at position 770
      at JSON.parse (<anonymous>)
      at /usr/share/yarn/lib/cli.js:1625:59
      at Generator.next (<anonymous>)
      at step (/usr/share/yarn/lib/cli.js:310:30)
      at /usr/share/yarn/lib/cli.js:321:13

npm manifest: 
  {
    "name": "huntik_rp",
    "version": "1.0.0",
    "main": "build/index.js",
    "repository": "https://github.com/mrvxo/huntik_rp",
    "author": "Vooxo <vooxo@outlook.fr>",
    "license": "MIT",
    "private": true,
    "scripts": {
      "build": "tsc",
      "start": "node build/index.js"
    },
    "devDependencies": {
      "@types/node": "^14.0.13",
      "@typescript-eslint/parser": "^3.3.0",
      "eslint": "^7.3.0",
      "eslint-plugin-import": "^2.21.2",
      "eslint-plugin-node": "^11.1.0",
      "prettier": "^2.0.5",
      "rimraf": "^3.0.2",
      "tsc-watch": "^4.2.8",
      "typescript": "^3.9.5"                                          
    },
    "dependencies": {
      "discord-akairo": "^8.0.0",
      "discord.js": "^12.2.0",
      "source-map-support": "^0.5.19"
                    
    }"

yarn manifest: 
  No manifest

Lockfile: 
  # THIS IS AN AUTOGENERATED FILE. DO NOT EDIT THIS FILE DIRECTLY.
  # yarn lockfile v1
  
  
  "@types/node@^14.11.8":
    version "14.11.8"
    resolved "https://registry.yarnpkg.com/@types/node/-/node-14.11.8.tgz#fe2012f2355e4ce08bca44aeb3abbb21cf88d33f"
    integrity sha512-KPcKqKm5UKDkaYPTuXSx8wEP7vE9GnuaXIZKijwRYcePpZFDVuy2a57LarFKiORbHOuTOOwYzxVxcUzsh2P2Pw==
  
  discord-akairo@^8.1.0:
    version "8.1.0"
    resolved "https://registry.yarnpkg.com/discord-akairo/-/discord-akairo-8.1.0.tgz#9f3d910e12c197d40d3522a3a93679e2a746a6ca"
    integrity sha512-INWYmHo6NgyYx1ZKGSCmgznVfvkXpWGj4fGCGjO8IPkZ06Bidb9YKr4rXy2lwG0kprCjvqY0qbbhcw6N050abQ==
  
  typescript@^4.0.3:
    version "4.0.3"
    resolved "https://registry.yarnpkg.com/typescript/-/typescript-4.0.3.tgz#153bbd468ef07725c1df9c77e8b453f8d36abba5"
    integrity sha512-tEu6DGxGgRJPb/mVPIZ48e69xCn2yRmCgYmDugAVwmJ6o+0u1RI18eO7E7WBTLYLaEVVOhwQmcdhQHweux/WPg==
